<?xml version="1.0" encoding="UTF-8"?>
<testsuite xmlns:xsi="http://www.w3.org/2001/XMLSchema-instance" xsi:noNamespaceSchemaLocation="https://maven.apache.org/surefire/maven-surefire-plugin/xsd/surefire-test-report.xsd" name="com.momo.billpayment.service.BillingTest" time="0.017" tests="5" errors="5" skipped="0" failures="0">
  <properties>
    <property name="gopherProxySet" value="false"/>
    <property name="awt.toolkit" value="sun.lwawt.macosx.LWCToolkit"/>
    <property name="file.encoding.pkg" value="sun.io"/>
    <property name="java.specification.version" value="1.8"/>
    <property name="sun.cpu.isalist" value=""/>
    <property name="sun.jnu.encoding" value="UTF-8"/>
    <property name="java.class.path" value="/Users/taidang/Desktop/bill_payment_application/target/test-classes:/Users/taidang/Desktop/bill_payment_application/target/classes:/var/root/.m2/repository/junit/junit/4.4/junit-4.4.jar:/var/root/.m2/repository/org/apache/maven/surefire/surefire-junit47/3.0.0-M1/surefire-junit47-3.0.0-M1.jar:/var/root/.m2/repository/org/apache/maven/surefire/common-junit48/3.0.0-M1/common-junit48-3.0.0-M1.jar:/var/root/.m2/repository/org/apache/maven/surefire/common-junit4/3.0.0-M1/common-junit4-3.0.0-M1.jar:/var/root/.m2/repository/org/apache/maven/surefire/common-junit3/3.0.0-M1/common-junit3-3.0.0-M1.jar:/var/root/.m2/repository/org/apache/maven/surefire/common-java5/3.0.0-M1/common-java5-3.0.0-M1.jar:/var/root/.m2/repository/org/apache/maven/shared/maven-shared-utils/3.1.0/maven-shared-utils-3.1.0.jar:/var/root/.m2/repository/org/apache/maven/surefire/surefire-grouper/3.0.0-M1/surefire-grouper-3.0.0-M1.jar:/var/root/.m2/repository/org/apache/maven/surefire/surefire-api/3.0.0-M1/surefire-api-3.0.0-M1.jar:/var/root/.m2/repository/org/apache/maven/surefire/surefire-logger-api/3.0.0-M1/surefire-logger-api-3.0.0-M1.jar:"/>
    <property name="java.vm.vendor" value="Oracle Corporation"/>
    <property name="sun.arch.data.model" value="64"/>
    <property name="java.vendor.url" value="http://java.oracle.com/"/>
    <property name="user.timezone" value=""/>
    <property name="java.vm.specification.version" value="1.8"/>
    <property name="os.name" value="Mac OS X"/>
    <property name="sun.java.launcher" value="SUN_STANDARD"/>
    <property name="user.country" value="VN"/>
    <property name="sun.boot.library.path" value="/Library/Java/JavaVirtualMachines/jdk1.8.0_281.jdk/Contents/Home/jre/lib"/>
    <property name="sun.java.command" value="/Users/taidang/Desktop/bill_payment_application/target/surefire/surefirebooter8310140772494161604.jar /Users/taidang/Desktop/bill_payment_application/target/surefire 2021-06-03T08-22-26_541-jvmRun1 surefire3483296393602046611tmp surefire_04351551967452193176tmp"/>
    <property name="http.nonProxyHosts" value="local|*.local|169.254/16|*.169.254/16"/>
    <property name="test" value="com.momo.billpayment.service.BillingTest"/>
    <property name="surefire.test.class.path" value="/Users/taidang/Desktop/bill_payment_application/target/test-classes:/Users/taidang/Desktop/bill_payment_application/target/classes:/var/root/.m2/repository/junit/junit/4.4/junit-4.4.jar:/var/root/.m2/repository/org/apache/maven/surefire/surefire-junit47/3.0.0-M1/surefire-junit47-3.0.0-M1.jar:/var/root/.m2/repository/org/apache/maven/surefire/common-junit48/3.0.0-M1/common-junit48-3.0.0-M1.jar:/var/root/.m2/repository/org/apache/maven/surefire/common-junit4/3.0.0-M1/common-junit4-3.0.0-M1.jar:/var/root/.m2/repository/org/apache/maven/surefire/common-junit3/3.0.0-M1/common-junit3-3.0.0-M1.jar:/var/root/.m2/repository/org/apache/maven/surefire/common-java5/3.0.0-M1/common-java5-3.0.0-M1.jar:/var/root/.m2/repository/org/apache/maven/shared/maven-shared-utils/3.1.0/maven-shared-utils-3.1.0.jar:/var/root/.m2/repository/org/apache/maven/surefire/surefire-grouper/3.0.0-M1/surefire-grouper-3.0.0-M1.jar:/var/root/.m2/repository/org/apache/maven/surefire/surefire-api/3.0.0-M1/surefire-api-3.0.0-M1.jar:/var/root/.m2/repository/org/apache/maven/surefire/surefire-logger-api/3.0.0-M1/surefire-logger-api-3.0.0-M1.jar:"/>
    <property name="sun.cpu.endian" value="little"/>
    <property name="user.home" value="/var/root"/>
    <property name="user.language" value="en"/>
    <property name="java.specification.vendor" value="Oracle Corporation"/>
    <property name="java.home" value="/Library/Java/JavaVirtualMachines/jdk1.8.0_281.jdk/Contents/Home/jre"/>
    <property name="basedir" value="/Users/taidang/Desktop/bill_payment_application"/>
    <property name="file.separator" value="/"/>
    <property name="line.separator" value="&#10;"/>
    <property name="java.vm.specification.vendor" value="Oracle Corporation"/>
    <property name="java.specification.name" value="Java Platform API Specification"/>
    <property name="java.awt.graphicsenv" value="sun.awt.CGraphicsEnvironment"/>
    <property name="surefire.real.class.path" value="/Users/taidang/Desktop/bill_payment_application/target/surefire/surefirebooter8310140772494161604.jar"/>
    <property name="sun.boot.class.path" value="/Library/Java/JavaVirtualMachines/jdk1.8.0_281.jdk/Contents/Home/jre/lib/resources.jar:/Library/Java/JavaVirtualMachines/jdk1.8.0_281.jdk/Contents/Home/jre/lib/rt.jar:/Library/Java/JavaVirtualMachines/jdk1.8.0_281.jdk/Contents/Home/jre/lib/sunrsasign.jar:/Library/Java/JavaVirtualMachines/jdk1.8.0_281.jdk/Contents/Home/jre/lib/jsse.jar:/Library/Java/JavaVirtualMachines/jdk1.8.0_281.jdk/Contents/Home/jre/lib/jce.jar:/Library/Java/JavaVirtualMachines/jdk1.8.0_281.jdk/Contents/Home/jre/lib/charsets.jar:/Library/Java/JavaVirtualMachines/jdk1.8.0_281.jdk/Contents/Home/jre/lib/jfr.jar:/Library/Java/JavaVirtualMachines/jdk1.8.0_281.jdk/Contents/Home/jre/classes"/>
    <property name="sun.management.compiler" value="HotSpot 64-Bit Tiered Compilers"/>
    <property name="ftp.nonProxyHosts" value="local|*.local|169.254/16|*.169.254/16"/>
    <property name="java.runtime.version" value="1.8.0_281-b09"/>
    <property name="user.name" value="root"/>
    <property name="path.separator" value=":"/>
    <property name="os.version" value="10.16"/>
    <property name="java.endorsed.dirs" value="/Library/Java/JavaVirtualMachines/jdk1.8.0_281.jdk/Contents/Home/jre/lib/endorsed"/>
    <property name="java.runtime.name" value="Java(TM) SE Runtime Environment"/>
    <property name="file.encoding" value="UTF-8"/>
    <property name="java.vm.name" value="Java HotSpot(TM) 64-Bit Server VM"/>
    <property name="maven.ext.class.path" value="/Applications/NetBeans/Apache NetBeans 12.0.app/Contents/Resources/NetBeans/netbeans/java/maven-nblib/netbeans-eventspy.jar"/>
    <property name="localRepository" value="/var/root/.m2/repository"/>
    <property name="java.vendor.url.bug" value="http://bugreport.sun.com/bugreport/"/>
    <property name="java.io.tmpdir" value="/var/folders/zz/zyxvpxvq6csfxvn_n0000000000000/T/"/>
    <property name="java.version" value="1.8.0_281"/>
    <property name="user.dir" value="/Users/taidang/Desktop/bill_payment_application"/>
    <property name="os.arch" value="x86_64"/>
    <property name="java.vm.specification.name" value="Java Virtual Machine Specification"/>
    <property name="java.awt.printerjob" value="sun.lwawt.macosx.CPrinterJob"/>
    <property name="sun.os.patch.level" value="unknown"/>
    <property name="java.library.path" value="/Users/taidang/Library/Java/Extensions:/Library/Java/Extensions:/Network/Library/Java/Extensions:/System/Library/Java/Extensions:/usr/lib/java:."/>
    <property name="java.vm.info" value="mixed mode"/>
    <property name="java.vendor" value="Oracle Corporation"/>
    <property name="java.vm.version" value="25.281-b09"/>
    <property name="java.ext.dirs" value="/Users/taidang/Library/Java/Extensions:/Library/Java/JavaVirtualMachines/jdk1.8.0_281.jdk/Contents/Home/jre/lib/ext:/Library/Java/Extensions:/Network/Library/Java/Extensions:/System/Library/Java/Extensions:/usr/lib/java"/>
    <property name="sun.io.unicode.encoding" value="UnicodeBig"/>
    <property name="java.class.version" value="52.0"/>
    <property name="socksNonProxyHosts" value="local|*.local|169.254/16|*.169.254/16"/>
  </properties>
  <testcase name="fillAvailableSlotWhenSlotIsAvailable" classname="com.momo.billpayment.service.BillingTest" time="0.005">
    <error message="Uncompilable source code - Erroneous ctor sym type: com.momo.billpayment.service.Billing.&lt;init&gt;" type="java.lang.RuntimeException"><![CDATA[java.lang.RuntimeException: Uncompilable source code - Erroneous ctor sym type: com.momo.billpayment.service.Billing.<init>
	at com.momo.billpayment.service.BillingTest.fillAvailableSlotWhenSlotIsAvailable(BillingTest.java:13)
]]></error>
  </testcase>
  <testcase name="fillAvailableSlotWhenNoSlotIsAvailable" classname="com.momo.billpayment.service.BillingTest" time="0">
    <error message="Uncompilable source code - Erroneous ctor sym type: com.momo.billpayment.service.Billing.&lt;init&gt;" type="java.lang.RuntimeException"><![CDATA[java.lang.RuntimeException: Uncompilable source code - Erroneous ctor sym type: com.momo.billpayment.service.Billing.<init>
	at com.momo.billpayment.service.BillingTest.fillAvailableSlotWhenNoSlotIsAvailable(BillingTest.java:24)
]]></error>
  </testcase>
  <testcase name="emptySlotWithValidSlotNumber" classname="com.momo.billpayment.service.BillingTest" time="0">
    <error message="Uncompilable source code - Erroneous ctor sym type: com.momo.billpayment.service.Billing.&lt;init&gt;" type="java.lang.RuntimeException"><![CDATA[java.lang.RuntimeException: Uncompilable source code - Erroneous ctor sym type: com.momo.billpayment.service.Billing.<init>
	at com.momo.billpayment.service.BillingTest.emptySlotWithValidSlotNumber(BillingTest.java:40)
]]></error>
  </testcase>
  <testcase name="emptySlotWithInvalidSlotNumber" classname="com.momo.billpayment.service.BillingTest" time="0">
    <error message="Uncompilable source code - Erroneous ctor sym type: com.momo.billpayment.service.Billing.&lt;init&gt;" type="java.lang.RuntimeException"><![CDATA[java.lang.RuntimeException: Uncompilable source code - Erroneous ctor sym type: com.momo.billpayment.service.Billing.<init>
	at com.momo.billpayment.service.BillingTest.emptySlotWithInvalidSlotNumber(BillingTest.java:62)
]]></error>
  </testcase>
  <testcase name="emptySlotWhichIsAlreadyEmpty" classname="com.momo.billpayment.service.BillingTest" time="0.001">
    <error message="Uncompilable source code - Erroneous ctor sym type: com.momo.billpayment.service.Billing.&lt;init&gt;" type="java.lang.RuntimeException"><![CDATA[java.lang.RuntimeException: Uncompilable source code - Erroneous ctor sym type: com.momo.billpayment.service.Billing.<init>
	at com.momo.billpayment.service.BillingTest.emptySlotWhichIsAlreadyEmpty(BillingTest.java:81)
]]></error>
  </testcase>
</testsuite>